生成启动时间为 2014/9/25 15:25:40。
     1>项目“D:\FaceBall\Client\Client\Client.vcxproj”在节点 2 上(Build 个目标)。
     1>CustomBuild:
         Moc'ing client.h...
         Uic'ing client.ui...
         Moc'ing ball.h...
         Moc'ing face.h...
         Rcc'ing client.qrc...
       ClCompile:
         C:\Program Files (x86)\Microsoft Visual Studio 11.0\VC\bin\CL.exe /c /I.\GeneratedFiles /I. /IE:\QT_VS\5.3\msvc2012_opengl\include /I.\GeneratedFiles\Release /IE:\QT_VS\5.3\msvc2012_opengl\include\QtCore /IE:\QT_VS\5.3\msvc2012_opengl\include\QtGui /IE:\QT_VS\5.3\msvc2012_opengl\include\QtNetwork /IE:\QT_VS\5.3\msvc2012_opengl\include\QtWidgets /nologo /W1 /WX- /O2 /Oy- /D UNICODE /D WIN32 /D WIN64 /D QT_DLL /D QT_NO_DEBUG /D NDEBUG /D QT_CORE_LIB /D QT_GUI_LIB /D QT_NETWORK_LIB /D QT_WIDGETS_LIB /Gm- /EHsc /MD /GS /fp:precise /Zc:wchar_t /Zc:forScope /Fo"Release\\" /Fd"Release\vc110.pdb" /Gd /TP /analyze- /errorReport:prompt Ball.cpp client.cpp Face.cpp GeneratedFiles\Release\moc_ball.cpp GeneratedFiles\Release\moc_client.cpp GeneratedFiles\Release\moc_face.cpp main.cpp
         Ball.cpp
         client.cpp
         Face.cpp
         moc_ball.cpp
         moc_client.cpp
         moc_face.cpp
         main.cpp
         正在生成代码...
         C:\Program Files (x86)\Microsoft Visual Studio 11.0\VC\bin\CL.exe /c /I.\GeneratedFiles /I. /IE:\QT_VS\5.3\msvc2012_opengl\include /I.\GeneratedFiles\Release /IE:\QT_VS\5.3\msvc2012_opengl\include\QtCore /IE:\QT_VS\5.3\msvc2012_opengl\include\QtGui /IE:\QT_VS\5.3\msvc2012_opengl\include\QtNetwork /IE:\QT_VS\5.3\msvc2012_opengl\include\QtWidgets /nologo /W1 /WX- /O2 /Oy- /D UNICODE /D WIN32 /D WIN64 /D QT_DLL /D QT_NO_DEBUG /D NDEBUG /D QT_CORE_LIB /D QT_GUI_LIB /D QT_NETWORK_LIB /D QT_WIDGETS_LIB /Gm- /EHsc /MD /GS /fp:precise /Zc:wchar_t /Zc:forScope /Fo"Release\\" /Fd"Release\vc110.pdb" /Gd /TP /analyze- /errorReport:prompt GeneratedFiles\qrc_client.cpp
         qrc_client.cpp
       Link:
         C:\Program Files (x86)\Microsoft Visual Studio 11.0\VC\bin\link.exe /ERRORREPORT:PROMPT /OUT:"D:\FaceBall\Client\Win32\Release\\Client.exe" /NOLOGO /LIBPATH:E:\QT_VS\5.3\msvc2012_opengl\lib qtmain.lib Qt5Core.lib Qt5Gui.lib Qt5Network.lib Qt5Widgets.lib opencv_calib3d249.lib opencv_contrib249.lib opencv_core249.lib opencv_features2d249.lib opencv_flann249.lib opencv_gpu249.lib opencv_highgui249.lib opencv_imgproc249.lib opencv_legacy249.lib opencv_ml249.lib opencv_nonfree249.lib opencv_objdetect249.lib opencv_ocl249.lib opencv_photo249.lib opencv_stitching249.lib opencv_superres249.lib opencv_ts249.lib opencv_video249.lib opencv_videostab249.lib kernel32.lib user32.lib gdi32.lib winspool.lib comdlg32.lib advapi32.lib shell32.lib ole32.lib oleaut32.lib uuid.lib odbc32.lib odbccp32.lib /MANIFEST /MANIFESTUAC:"level='asInvoker' uiAccess='false'" /manifest:embed /PDB:"D:\FaceBall\Client\Win32\Release\Client.pdb" /SUBSYSTEM:WINDOWS /TLBID:1 /DYNAMICBASE /NXCOMPAT /IMPLIB:"D:\FaceBall\Client\Win32\Release\Client.lib" /MACHINE:X86 /SAFESEH Release\Ball.obj
         Release\client.obj
         Release\Face.obj
         Release\qrc_client.obj
         Release\moc_ball.obj
         Release\moc_client.obj
         Release\moc_face.obj
         Release\main.obj
         Client.vcxproj -> D:\FaceBall\Client\Win32\Release\Client.exe
     1>已完成生成项目“D:\FaceBall\Client\Client\Client.vcxproj”(Build 个目标)的操作。

生成成功。

已用时间 00:00:14.75
