生成启动时间为 2014/9/25 15:20:40。
     1>项目“D:\FaceBall\Client\Client\Client.vcxproj”在节点 2 上(Build 个目标)。
     1>CustomBuild:
         Uic'ing client.ui...
       ClCompile:
         C:\Program Files (x86)\Microsoft Visual Studio 11.0\VC\bin\CL.exe /c /I.\GeneratedFiles /I. /IE:\QT_VS\5.3\msvc2012_opengl\include /I.\GeneratedFiles\Debug /IE:\QT_VS\5.3\msvc2012_opengl\include\QtCore /IE:\QT_VS\5.3\msvc2012_opengl\include\QtGui /IE:\QT_VS\5.3\msvc2012_opengl\include\QtNetwork /IE:\QT_VS\5.3\msvc2012_opengl\include\QtWidgets /Zi /nologo /W1 /WX- /Od /Oy- /D UNICODE /D WIN32 /D WIN64 /D QT_DLL /D QT_CORE_LIB /D QT_GUI_LIB /D QT_NETWORK_LIB /D QT_WIDGETS_LIB /Gm- /EHsc /MDd /GS /fp:precise /Zc:wchar_t /Zc:forScope /Fo"Debug\\" /Fd"Debug\vc110.pdb" /Gd /TP /analyze- /errorReport:prompt client.cpp GeneratedFiles\Debug\moc_client.cpp main.cpp
         client.cpp
         moc_client.cpp
         main.cpp
         正在生成代码...
       Link:
         C:\Program Files (x86)\Microsoft Visual Studio 11.0\VC\bin\link.exe /ERRORREPORT:PROMPT /OUT:"D:\FaceBall\Client\Win32\Debug\\Client.exe" /NOLOGO /LIBPATH:E:\QT_VS\5.3\msvc2012_opengl\lib qtmaind.lib Qt5Cored.lib Qt5Guid.lib Qt5Networkd.lib Qt5Widgetsd.lib opencv_calib3d249d.lib opencv_contrib249d.lib opencv_core249d.lib opencv_features2d249d.lib opencv_flann249d.lib opencv_gpu249d.lib opencv_highgui249d.lib opencv_imgproc249d.lib opencv_legacy249d.lib opencv_ml249d.lib opencv_nonfree249d.lib opencv_objdetect249d.lib opencv_ocl249d.lib opencv_photo249d.lib opencv_stitching249d.lib opencv_superres249d.lib opencv_ts249d.lib opencv_video249d.lib opencv_videostab249d.lib kernel32.lib user32.lib gdi32.lib winspool.lib comdlg32.lib advapi32.lib shell32.lib ole32.lib oleaut32.lib uuid.lib odbc32.lib odbccp32.lib /MANIFEST /MANIFESTUAC:"level='asInvoker' uiAccess='false'" /manifest:embed /DEBUG /PDB:"D:\FaceBall\Client\Win32\Debug\Client.pdb" /SUBSYSTEM:WINDOWS /TLBID:1 /DYNAMICBASE /NXCOMPAT /IMPLIB:"D:\FaceBall\Client\Win32\Debug\Client.lib" /MACHINE:X86 /SAFESEH Debug\Ball.obj
         Debug\client.obj
         Debug\Face.obj
         Debug\moc_ball.obj
         Debug\moc_client.obj
         Debug\moc_face.obj
         Debug\qrc_client.obj
         Debug\main.obj
         Client.vcxproj -> D:\FaceBall\Client\Win32\Debug\Client.exe
     1>已完成生成项目“D:\FaceBall\Client\Client\Client.vcxproj”(Build 个目标)的操作。

生成成功。

已用时间 00:00:08.05
